<?xml version="1.0" encoding="utf-8"?>
<coverage line-rate="0.29410000000000003" branch-rate="0.3" version="1.9" timestamp="1744739953" lines-covered="15" lines-valid="51" branches-covered="3" branches-valid="10">
  <sources>
    <source>C:\Users\ASUS\Documents\CALIDAD\lab-2025-i-cps-u1-02-csharp-Wsalas651\Bank\Bank.WebApi\</source>
  </sources>
  <packages>
    <package name="Bank.WebApi" line-rate="0.29410000000000003" branch-rate="0.3" complexity="16">
      <classes>
        <class name="Program" filename="Program.cs" line-rate="0" branch-rate="0" complexity="4">
          <methods>
            <method name="&lt;Main&gt;$" signature="(System.String[])" line-rate="0" branch-rate="0" complexity="4">
              <lines>
                <line number="1" hits="0" branch="False" />
                <line number="5" hits="0" branch="False" />
                <line number="6" hits="0" branch="False" />
                <line number="8" hits="0" branch="False" />
                <line number="11" hits="0" branch="True" condition-coverage="0% (0/2)">
                  <conditions>
                    <condition number="58" type="jump" coverage="0%" />
                  </conditions>
                </line>
                <line number="12" hits="0" branch="False" />
                <line number="13" hits="0" branch="False" />
                <line number="14" hits="0" branch="False" />
                <line number="15" hits="0" branch="False" />
                <line number="17" hits="0" branch="False" />
                <line number="19" hits="0" branch="False" />
                <line number="20" hits="0" branch="False" />
                <line number="21" hits="0" branch="False" />
                <line number="22" hits="0" branch="False" />
                <line number="24" hits="0" branch="False" />
                <line number="25" hits="0" branch="False" />
                <line number="26" hits="0" branch="True" condition-coverage="0% (0/2)">
                  <conditions>
                    <condition number="15" type="jump" coverage="0%" />
                  </conditions>
                </line>
                <line number="27" hits="0" branch="False" />
                <line number="28" hits="0" branch="False" />
                <line number="29" hits="0" branch="False" />
                <line number="30" hits="0" branch="False" />
                <line number="31" hits="0" branch="False" />
                <line number="32" hits="0" branch="False" />
                <line number="33" hits="0" branch="False" />
                <line number="34" hits="0" branch="False" />
                <line number="35" hits="0" branch="False" />
                <line number="36" hits="0" branch="False" />
                <line number="37" hits="0" branch="False" />
                <line number="39" hits="0" branch="False" />
              </lines>
            </method>
          </methods>
          <lines>
            <line number="1" hits="0" branch="False" />
            <line number="5" hits="0" branch="False" />
            <line number="6" hits="0" branch="False" />
            <line number="8" hits="0" branch="False" />
            <line number="11" hits="0" branch="True" condition-coverage="0% (0/2)">
              <conditions>
                <condition number="58" type="jump" coverage="0%" />
              </conditions>
            </line>
            <line number="12" hits="0" branch="False" />
            <line number="13" hits="0" branch="False" />
            <line number="14" hits="0" branch="False" />
            <line number="15" hits="0" branch="False" />
            <line number="17" hits="0" branch="False" />
            <line number="19" hits="0" branch="False" />
            <line number="20" hits="0" branch="False" />
            <line number="21" hits="0" branch="False" />
            <line number="22" hits="0" branch="False" />
            <line number="24" hits="0" branch="False" />
            <line number="25" hits="0" branch="False" />
            <line number="26" hits="0" branch="True" condition-coverage="0% (0/2)">
              <conditions>
                <condition number="15" type="jump" coverage="0%" />
              </conditions>
            </line>
            <line number="27" hits="0" branch="False" />
            <line number="28" hits="0" branch="False" />
            <line number="29" hits="0" branch="False" />
            <line number="30" hits="0" branch="False" />
            <line number="31" hits="0" branch="False" />
            <line number="32" hits="0" branch="False" />
            <line number="33" hits="0" branch="False" />
            <line number="34" hits="0" branch="False" />
            <line number="35" hits="0" branch="False" />
            <line number="36" hits="0" branch="False" />
            <line number="37" hits="0" branch="False" />
            <line number="39" hits="0" branch="False" />
          </lines>
        </class>
        <class name="WeatherForecast" filename="Program.cs" line-rate="0" branch-rate="1" complexity="2">
          <methods>
            <method name="get_Date" signature="()" line-rate="0" branch-rate="1" complexity="1">
              <lines>
                <line number="41" hits="0" branch="False" />
              </lines>
            </method>
            <method name="get_TemperatureF" signature="()" line-rate="0" branch-rate="1" complexity="1">
              <lines>
                <line number="43" hits="0" branch="False" />
              </lines>
            </method>
          </methods>
          <lines>
            <line number="41" hits="0" branch="False" />
            <line number="43" hits="0" branch="False" />
          </lines>
        </class>
        <class name="Bank.WebApi.Models.BankAccount" filename="Models\BankAccount.cs" line-rate="0.75" branch-rate="0.5" complexity="10">
          <methods>
            <method name="get_CustomerName" signature="()" line-rate="0" branch-rate="1" complexity="1">
              <lines>
                <line number="13" hits="0" branch="False" />
              </lines>
            </method>
            <method name="get_Balance" signature="()" line-rate="1" branch-rate="1" complexity="1">
              <lines>
                <line number="14" hits="6" branch="False" />
              </lines>
            </method>
            <method name="Debit" signature="(System.Double)" line-rate="0.7142000000000001" branch-rate="0.5" complexity="4">
              <lines>
                <line number="16" hits="1" branch="False" />
                <line number="17" hits="1" branch="True" condition-coverage="50% (1/2)">
                  <conditions>
                    <condition number="12" type="jump" coverage="50%" />
                  </conditions>
                </line>
                <line number="18" hits="0" branch="False" />
                <line number="19" hits="1" branch="True" condition-coverage="50% (1/2)">
                  <conditions>
                    <condition number="39" type="jump" coverage="50%" />
                  </conditions>
                </line>
                <line number="20" hits="0" branch="False" />
                <line number="21" hits="1" branch="False" />
                <line number="22" hits="1" branch="False" />
              </lines>
            </method>
            <method name="Credit" signature="(System.Double)" line-rate="0.8" branch-rate="0.5" complexity="2">
              <lines>
                <line number="24" hits="1" branch="False" />
                <line number="25" hits="1" branch="True" condition-coverage="50% (1/2)">
                  <conditions>
                    <condition number="15" type="jump" coverage="50%" />
                  </conditions>
                </line>
                <line number="26" hits="0" branch="False" />
                <line number="27" hits="1" branch="False" />
                <line number="28" hits="1" branch="False" />
              </lines>
            </method>
            <method name=".ctor" signature="()" line-rate="0" branch-rate="1" complexity="1">
              <lines>
                <line number="7" hits="0" branch="False" />
              </lines>
            </method>
            <method name=".ctor" signature="(System.String,System.Double)" line-rate="1" branch-rate="1" complexity="1">
              <lines>
                <line number="8" hits="2" branch="False" />
                <line number="9" hits="2" branch="False" />
                <line number="10" hits="2" branch="False" />
                <line number="11" hits="2" branch="False" />
                <line number="12" hits="2" branch="False" />
              </lines>
            </method>
          </methods>
          <lines>
            <line number="13" hits="0" branch="False" />
            <line number="14" hits="6" branch="False" />
            <line number="16" hits="1" branch="False" />
            <line number="17" hits="1" branch="True" condition-coverage="50% (1/2)">
              <conditions>
                <condition number="12" type="jump" coverage="50%" />
              </conditions>
            </line>
            <line number="18" hits="0" branch="False" />
            <line number="19" hits="1" branch="True" condition-coverage="50% (1/2)">
              <conditions>
                <condition number="39" type="jump" coverage="50%" />
              </conditions>
            </line>
            <line number="20" hits="0" branch="False" />
            <line number="21" hits="1" branch="False" />
            <line number="22" hits="1" branch="False" />
            <line number="24" hits="1" branch="False" />
            <line number="25" hits="1" branch="True" condition-coverage="50% (1/2)">
              <conditions>
                <condition number="15" type="jump" coverage="50%" />
              </conditions>
            </line>
            <line number="26" hits="0" branch="False" />
            <line number="27" hits="1" branch="False" />
            <line number="28" hits="1" branch="False" />
            <line number="7" hits="0" branch="False" />
            <line number="8" hits="2" branch="False" />
            <line number="9" hits="2" branch="False" />
            <line number="10" hits="2" branch="False" />
            <line number="11" hits="2" branch="False" />
            <line number="12" hits="2" branch="False" />
          </lines>
        </class>
      </classes>
    </package>
  </packages>
</coverage>